{"level":"debug","time":"2022-12-06T12:52:58.396Z","caller":"cmd/bin.go:170","msg":"HyperExecute cli version: 0.2.20"}
{"level":"debug","time":"2022-12-06T12:52:59.582Z","caller":"core/lifecycle.go:95","msg":"Upstream version: {Name: Min:0.2.20 Max:0.2.20} "}
{"level":"debug","time":"2022-12-06T12:52:59.582Z","caller":"core/lifecycle.go:112","msg":"Setting environment"}
{"level":"debug","time":"2022-12-06T12:52:59.582Z","caller":"core/lifecycle.go:118","msg":"Parsing config"}
{"level":"warn","time":"2022-12-06T12:52:59.582Z","caller":"globalconfigvalidator/setup.go:35","msg":"Found user credentials in env and cli flag both, credentials in env will be ignored"}
{"level":"warn","time":"2022-12-06T12:52:59.582Z","caller":"globalconfigvalidator/setup.go:40","msg":"Found key credentials in env and cli flag both, credentials in env will be ignored"}
{"level":"debug","time":"2022-12-06T12:52:59.582Z","caller":"yamlconfigmanager/setup.go:347","msg":"Custom location for .hyperexecute.yaml specified. Using: yaml/win/pytest_hyperexecute_autosplit_sample.yaml"}
{"level":"debug","time":"2022-12-06T12:52:59.582Z","caller":"yamlconfigmanager/setup.go:64","msg":"using hyperexecute config from : yaml/win/pytest_hyperexecute_autosplit_sample.yaml"}
{"level":"debug","time":"2022-12-06T12:52:59.856Z","caller":"yamlconfigmanager/setup.go:1297","msg":"Autodetecting test type in files of path : /workspace/pytest-selenium-hyperexecute-sample"}
{"level":"debug","time":"2022-12-06T12:52:59.856Z","caller":"yamlconfigmanager/setup.go:300","msg":"Tunnel: false"}
{"level":"info","time":"2022-12-06T12:52:59.856Z","caller":"models/HypertestYamlConfig.go:186","msg":"\n\u001b[4m\u001b[1m\u001b[97mExecution Plan\u001b[0m\u001b[0m\u001b[0m"}
{"level":"info","time":"2022-12-06T12:52:59.856Z","caller":"models/HypertestYamlConfig.go:190","msg":"Mode:    \u001b[36mautosplit\u001b[0m"}
{"level":"info","time":"2022-12-06T12:52:59.856Z","caller":"models/HypertestYamlConfig.go:221","msg":"Runson:    \u001b[36mwin\u001b[0m"}
{"level":"info","time":"2022-12-06T12:52:59.856Z","caller":"models/HypertestYamlConfig.go:225","msg":"Concurrency:    \u001b[36m2\u001b[0m"}
{"level":"info","time":"2022-12-06T12:52:59.856Z","caller":"models/HypertestYamlConfig.go:257","msg":"Report:    \u001b[36mdisabled\u001b[0m"}
{"level":"info","time":"2022-12-06T12:52:59.857Z","caller":"models/HypertestYamlConfig.go:260","msg":"Artefacts:"}
{"level":"info","time":"2022-12-06T12:52:59.857Z","caller":"models/HypertestYamlConfig.go:263","msg":"    TestReports:    \u001b[36mreports/**\u001b[0m"}
{"level":"info","time":"2022-12-06T12:52:59.857Z","caller":"models/HypertestYamlConfig.go:274","msg":"Cache Directories:"}
{"level":"info","time":"2022-12-06T12:52:59.857Z","caller":"models/HypertestYamlConfig.go:276","msg":"    \u001b[36mCacheDir\u001b[0m"}
{"level":"info","time":"2022-12-06T12:52:59.857Z","caller":"models/HypertestYamlConfig.go:297","msg":""}
{"level":"debug","time":"2022-12-06T12:52:59.857Z","caller":"filevalidator/setup.go:51","msg":"Warning: Checking data.json file in current directory, no dataJsonPath found in .hyperexecute.yaml"}
{"level":"debug","time":"2022-12-06T12:52:59.857Z","caller":"filevalidator/setup.go:55","msg":"Warning: data.json file doesn't exist"}
{"level":"debug","time":"2022-12-06T12:53:00.464Z","caller":"core/lifecycle.go:304","msg":"Job ID: ec839b0e-4471-4c0a-a433-7f566ac78424"}
{"level":"debug","time":"2022-12-06T12:53:00.464Z","caller":"archivemanager/setup.go:175","msg":"Creating archive of target directory: /workspace/pytest-selenium-hyperexecute-sample"}
{"level":"debug","time":"2022-12-06T12:53:00.472Z","caller":"archivemanager/setup.go:379","msg":"Zip file size: 44KB"}
{"level":"debug","time":"2022-12-06T12:53:00.477Z","caller":"core/lifecycle.go:418","msg":"Archive location: /workspace/pytest-selenium-hyperexecute-sample/hyperexecute-code-ec839b0e-4471-4c0a-a433-7f566ac78424.zip\n"}
{"level":"debug","time":"2022-12-06T12:53:00.478Z","caller":"utils/azcopy.go:75","msg":"Downloading dependency binary ..................."}
{"level":"info","time":"2022-12-06T12:53:00.708Z","caller":"utils/azcopy.go:100","msg":"\u001b[91m\u001b[32m✔\u001b[0m Dependency binary downloaded successfully\u001b[0m"}
{"level":"debug","time":"2022-12-06T12:53:00.708Z","caller":"receptionmanager/setup.go:144","msg":"Payload size: 48.3 kB"}
{"level":"debug","time":"2022-12-06T12:53:02.737Z","caller":"receptionmanager/setup.go:210","msg":"Uploading yaml : /workspace/pytest-selenium-hyperexecute-sample/.updatedhyperexecute.yaml"}
{"level":"debug","time":"2022-12-06T12:53:02.737Z","caller":"receptionmanager/setup.go:223","msg":"Payload size: 1.2 kB"}
{"level":"debug","time":"2022-12-06T12:53:04.809Z","caller":"receptionmanager/setup.go:257","msg":""}
{"level":"info","time":"2022-12-06T12:53:11.048Z","caller":"jobmanager/setup.go:129","msg":"Job \u001b[1m\u001b[4mec839b0e-4471-4c0a-a433-7f566ac78424\u001b[0m\u001b[0m has started \u001b[97mRUNNING\u001b[0m"}
{"level":"info","time":"2022-12-06T12:53:11.048Z","caller":"jobmanager/setup.go:358","msg":"Job Link: \u001b[4m\u001b[34mhttps://hyperexecute.lambdatest.com/hyperexecute/task?jobId=ec839b0e-4471-4c0a-a433-7f566ac78424\u001b[0m\u001b[0m\n"}
{"level":"debug","time":"2022-12-06T12:53:11.048Z","caller":"jobmanager/setup.go:138","msg":"New Tasks generated"}
{"level":"debug","time":"2022-12-06T12:53:11.048Z","caller":"jobmanager/setup.go:149","msg":"Task id: f13126d6-9287-4381-91c3-a0135e7d7deb"}
{"level":"debug","time":"2022-12-06T12:53:11.048Z","caller":"jobmanager/setup.go:152","msg":"Sending new task alert to stage manager for taskId: f13126d6-9287-4381-91c3-a0135e7d7deb"}
{"level":"debug","time":"2022-12-06T12:53:11.048Z","caller":"jobmanager/setup.go:149","msg":"Task id: 6873be78-f5f7-46c6-b250-e9a2a8b52016"}
{"level":"debug","time":"2022-12-06T12:53:11.049Z","caller":"jobmanager/setup.go:152","msg":"Sending new task alert to stage manager for taskId: 6873be78-f5f7-46c6-b250-e9a2a8b52016"}
{"level":"info","time":"2022-12-06T12:53:11.526Z","caller":"terminal/terminal.go:181","msg":"\u001b[32m✔\u001b[0m [2]  \u001b[2mcache-download (3s)\u001b[0m\n"}
{"level":"info","time":"2022-12-06T12:53:11.686Z","caller":"terminal/terminal.go:181","msg":"\u001b[32m✔\u001b[0m [1]  \u001b[2mcache-download (3s)\u001b[0m\n"}
{"level":"info","time":"2022-12-06T12:53:26.612Z","caller":"terminal/terminal.go:181","msg":"\u001b[32m✔\u001b[0m [1]  \u001b[2mpre (12s)\u001b[0m\n"}
{"level":"info","time":"2022-12-06T12:53:31.677Z","caller":"terminal/terminal.go:181","msg":"\u001b[32m✔\u001b[0m [1]  \u001b[2mdiscovery (2s)\u001b[0m\n"}
{"level":"info","time":"2022-12-06T12:53:41.033Z","caller":"terminal/terminal.go:181","msg":"\u001b[32m✔\u001b[0m [2]  \u001b[2mpre (26s)\u001b[0m\n"}
{"level":"info","time":"2022-12-06T12:53:45.349Z","caller":"terminal/terminal.go:181","msg":"\u001b[32m✔\u001b[0m [2]  \u001b[2mdiscovery (2s)\u001b[0m\n"}
{"level":"info","time":"2022-12-06T12:54:01.261Z","caller":"terminal/terminal.go:181","msg":"\u001b[32m✔\u001b[0m [1]  \u001b[2mtests/lt_sample_todo.py (26s)\u001b[0m\n"}
{"level":"info","time":"2022-12-06T12:54:04.624Z","caller":"terminal/terminal.go:181","msg":"\u001b[32m✔\u001b[0m [1]  \u001b[2mpost (1s)\u001b[0m\n"}
{"level":"info","time":"2022-12-06T12:54:16.028Z","caller":"terminal/terminal.go:181","msg":"\u001b[32m✔\u001b[0m [1]  \u001b[2mcache-upload (1s)\u001b[0m\n"}
{"level":"info","time":"2022-12-06T12:54:31.543Z","caller":"terminal/terminal.go:181","msg":"\u001b[32m✔\u001b[0m [2]  \u001b[2mtests/lt_selenium_playground.py (42s)\u001b[0m\n"}
{"level":"info","time":"2022-12-06T12:54:34.864Z","caller":"terminal/terminal.go:181","msg":"\u001b[32m✔\u001b[0m [2]  \u001b[2mpost (1s)\u001b[0m\n"}
{"level":"debug","time":"2022-12-06T12:54:45.731Z","caller":"jobmanager/setup.go:204","msg":"\n\nJob status"}
{"level":"info","time":"2022-12-06T12:54:45.731Z","caller":"jobmanager/JobSummaryManager.go:38","msg":"\n\u001b[102m\u001b[1m\u001b[30m COMPLETED \u001b[0m\u001b[0m\u001b[0m\n"}
{"level":"info","time":"2022-12-06T12:54:45.731Z","caller":"jobmanager/JobSummaryManager.go:97","msg":"    \u001b[1mTest Execution Time\u001b[0m:                  \u001b[92m39s\u001b[0m"}
{"level":"info","time":"2022-12-06T12:54:45.731Z","caller":"jobmanager/JobSummaryManager.go:97","msg":"    \u001b[1mJob Duration Time\u001b[0m:                    1m36s"}
{"level":"info","time":"2022-12-06T12:54:45.731Z","caller":"jobmanager/JobSummaryManager.go:97","msg":"    \u001b[1mTotal Tasks\u001b[0m:                          2"}
{"level":"info","time":"2022-12-06T12:54:45.732Z","caller":"jobmanager/JobSummaryManager.go:97","msg":"    \u001b[1mCumulative Time Consumed\u001b[0m:             2m42s"}
{"level":"info","time":"2022-12-06T12:54:45.732Z","caller":"jobmanager/JobSummaryManager.go:97","msg":"    \u001b[1mTotal Stages\u001b[0m:                         8"}
{"level":"info","time":"2022-12-06T12:54:45.732Z","caller":"jobmanager/JobSummaryManager.go:97","msg":"    \u001b[1mPass discovery stage percentage\u001b[0m:      100.00%"}
{"level":"info","time":"2022-12-06T12:54:45.732Z","caller":"jobmanager/JobSummaryManager.go:97","msg":"    \u001b[1mFailed discovery stage percentage\u001b[0m:    0.00%"}
{"level":"info","time":"2022-12-06T12:54:45.732Z","caller":"jobmanager/JobSummaryManager.go:97","msg":"    \u001b[1mPass pre stage percentage\u001b[0m:            \u001b[92m100.00%\u001b[0m"}
{"level":"info","time":"2022-12-06T12:54:45.732Z","caller":"jobmanager/JobSummaryManager.go:97","msg":"    \u001b[1mFailed pre stage percentage\u001b[0m:          0.00%"}
{"level":"info","time":"2022-12-06T12:54:45.732Z","caller":"jobmanager/JobSummaryManager.go:97","msg":"    \u001b[1mPass test stage percentage\u001b[0m:           \u001b[92m100.00%\u001b[0m"}
{"level":"info","time":"2022-12-06T12:54:45.732Z","caller":"jobmanager/JobSummaryManager.go:97","msg":"    \u001b[1mFailed test stage percentage\u001b[0m:         0.00%"}
{"level":"info","time":"2022-12-06T12:54:45.732Z","caller":"jobmanager/JobSummaryManager.go:97","msg":"    \u001b[1mPass post stage percentage\u001b[0m:           \u001b[92m100.00%\u001b[0m"}
{"level":"info","time":"2022-12-06T12:54:45.732Z","caller":"jobmanager/JobSummaryManager.go:97","msg":"    \u001b[1mFailed post stage percentage\u001b[0m:         0.00%"}
{"level":"info","time":"2022-12-06T12:54:45.732Z","caller":"jobmanager/JobSummaryManager.go:97","msg":"    \u001b[1mFailed Tasks\u001b[0m:                         0"}
{"level":"info","time":"2022-12-06T12:54:45.732Z","caller":"jobmanager/JobSummaryManager.go:42","msg":""}
{"level":"debug","time":"2022-12-06T12:54:46.062Z","caller":"artifactsmanager/downloadv0.1.go:104","msg":"\nArtifacts ready to be downloaded for task id: f13126d6-9287-4381-91c3-a0135e7d7deb\n"}
{"level":"debug","time":"2022-12-06T12:54:46.138Z","caller":"artifactsmanager/downloadv0.1.go:138","msg":"\nDownloading artefacts for task id: f13126d6-9287-4381-91c3-a0135e7d7deb\n"}
{"level":"info","time":"2022-12-06T12:54:46.209Z","caller":"terminal/terminal.go:181","msg":"\u001b[32m✔\u001b[0m [2]  \u001b[2mcache-upload (1s)\u001b[0m\n"}
{"level":"debug","time":"2022-12-06T12:54:48.509Z","caller":"artifactsmanager/downloadv0.1.go:140","msg":"\nDownloading artefacts completed for task id: f13126d6-9287-4381-91c3-a0135e7d7deb\n"}
{"level":"debug","time":"2022-12-06T12:54:48.579Z","caller":"artifactsmanager/downloadv0.1.go:104","msg":"\nArtifacts ready to be downloaded for task id: 6873be78-f5f7-46c6-b250-e9a2a8b52016\n"}
{"level":"debug","time":"2022-12-06T12:54:48.650Z","caller":"artifactsmanager/downloadv0.1.go:138","msg":"\nDownloading artefacts for task id: 6873be78-f5f7-46c6-b250-e9a2a8b52016\n"}
{"level":"debug","time":"2022-12-06T12:54:51.078Z","caller":"artifactsmanager/downloadv0.1.go:140","msg":"\nDownloading artefacts completed for task id: 6873be78-f5f7-46c6-b250-e9a2a8b52016\n"}
{"level":"debug","time":"2022-12-06T12:54:51.078Z","caller":"core/lifecycle.go:528","msg":"Successfully deleted code archive: /workspace/pytest-selenium-hyperexecute-sample/hyperexecute-code-ec839b0e-4471-4c0a-a433-7f566ac78424.zip\n"}
{"level":"debug","time":"2022-12-06T12:54:51.078Z","caller":"core/lifecycle.go:552","msg":"Context cancelled"}
{"level":"info","time":"2022-12-06T12:54:51.078Z","caller":"core/lifecycle.go:555","msg":"\u001b[2mStopping pipeline gracefully\u001b[0m"}
{"level":"debug","time":"2022-12-06T12:54:51.079Z","caller":"core/lifecycle.go:558","msg":"Quit requested from main goroutine...."}
{"level":"debug","time":"2022-12-06T12:54:51.079Z","caller":"core/lifecycle.go:559","msg":"Waiting for the goroutines to exit"}
{"level":"debug","time":"2022-12-06T12:54:51.079Z","caller":"core/lifecycle.go:561","msg":"All goroutines exited"}
{"level":"info","time":"2022-12-06T12:54:51.079Z","caller":"jobmanager/setup.go:358","msg":"Job Link: \u001b[4m\u001b[34mhttps://hyperexecute.lambdatest.com/hyperexecute/task?jobId=ec839b0e-4471-4c0a-a433-7f566ac78424\u001b[0m\u001b[0m\n"}
{"level":"debug","time":"2022-12-06T12:54:51.199Z","caller":"cmd/bin.go:205","msg":"main: all goroutines have finished."}
